<?xml version="1.0" encoding="UTF-8"?>
<testsuite xmlns:xsi="http://www.w3.org/2001/XMLSchema-instance" xsi:noNamespaceSchemaLocation="https://maven.apache.org/surefire/maven-surefire-plugin/xsd/surefire-test-report-3.0.xsd" version="3.0" name="com.brianvenegas.fantasysports.fantasy_sports_app.FantasySportsAppApplicationTests" time="3.826" tests="1" errors="0" skipped="0" failures="0">
  <properties>
[...]
</properties>
  <testcase name="contextLoads" classname="com.brianvenegas.fantasysports.fantasy_sports_app.FantasySportsAppApplicationTests" time="0.447">
    <system-out><![CDATA[22:24:31.495 [main] INFO org.springframework.test.context.support.AnnotationConfigContextLoaderUtils -- Could not detect default configuration classes for test class [com.brianvenegas.fantasysports.fantasy_sports_app.FantasySportsAppApplicationTests]: FantasySportsAppApplicationTests does not declare any static, non-private, non-final, nested classes annotated with @Configuration.
22:24:31.564 [main] INFO org.springframework.boot.test.context.SpringBootTestContextBootstrapper -- Found @SpringBootConfiguration com.brianvenegas.fantasysports.fantasy_sports_app.FantasySportsAppApplication for test class com.brianvenegas.fantasysports.fantasy_sports_app.FantasySportsAppApplicationTests
22:24:31.710 [main] INFO org.springframework.boot.devtools.restart.RestartApplicationListener -- Restart disabled due to context in which it is running
  .   ____          _            __ _ _
 /\\ / ___'_ __ _ _(_)_ __  __ _ \ \ \ \
( ( )\___ | '_ | '_| | '_ \/ _` | \ \ \ \
 \\/  ___)| |_)| | | | | || (_| |  ) ) ) )
  '  |____| .__|_| |_|_| |_\__, | / / / /
 =========|_|==============|___/=/_/_/_/

 :: Spring Boot ::                (v3.3.0)

2024-06-10T22:24:31.906-07:00  INFO 13048 --- [fantasy-sports-app] [           main] c.b.f.f.FantasySportsAppApplicationTests : Starting FantasySportsAppApplicationTests using Java 17.0.10 with PID 13048 (started by Brian in C:\Users\Brian\Documents\GitHub\Fantasy-Sports-App)
2024-06-10T22:24:31.907-07:00  INFO 13048 --- [fantasy-sports-app] [           main] c.b.f.f.FantasySportsAppApplicationTests : No active profile set, falling back to 1 default profile: "default"
2024-06-10T22:24:32.464-07:00  INFO 13048 --- [fantasy-sports-app] [           main] .s.d.r.c.RepositoryConfigurationDelegate : Bootstrapping Spring Data JPA repositories in DEFAULT mode.
2024-06-10T22:24:32.479-07:00  INFO 13048 --- [fantasy-sports-app] [           main] .s.d.r.c.RepositoryConfigurationDelegate : Finished Spring Data repository scanning in 9 ms. Found 0 JPA repository interfaces.
2024-06-10T22:24:32.883-07:00  INFO 13048 --- [fantasy-sports-app] [           main] com.zaxxer.hikari.HikariDataSource       : HikariPool-1 - Starting...
2024-06-10T22:24:33.039-07:00  INFO 13048 --- [fantasy-sports-app] [           main] com.zaxxer.hikari.pool.HikariPool        : HikariPool-1 - Added connection conn0: url=jdbc:h2:mem:2e0f32ef-7f0a-415b-bb48-97d8fa59def7 user=SA
2024-06-10T22:24:33.040-07:00  INFO 13048 --- [fantasy-sports-app] [           main] com.zaxxer.hikari.HikariDataSource       : HikariPool-1 - Start completed.
2024-06-10T22:24:33.122-07:00  INFO 13048 --- [fantasy-sports-app] [           main] o.hibernate.jpa.internal.util.LogHelper  : HHH000204: Processing PersistenceUnitInfo [name: default]
2024-06-10T22:24:33.172-07:00  INFO 13048 --- [fantasy-sports-app] [           main] org.hibernate.Version                    : HHH000412: Hibernate ORM core version 6.5.2.Final
2024-06-10T22:24:33.200-07:00  INFO 13048 --- [fantasy-sports-app] [           main] o.h.c.internal.RegionFactoryInitiator    : HHH000026: Second-level cache disabled
2024-06-10T22:24:33.511-07:00  INFO 13048 --- [fantasy-sports-app] [           main] o.s.o.j.p.SpringPersistenceUnitInfo      : No LoadTimeWeaver setup: ignoring JPA class transformer
2024-06-10T22:24:33.794-07:00  INFO 13048 --- [fantasy-sports-app] [           main] o.h.e.t.j.p.i.JtaPlatformInitiator       : HHH000489: No JTA platform available (set 'hibernate.transaction.jta.platform' to enable JTA platform integration)
2024-06-10T22:24:33.797-07:00  INFO 13048 --- [fantasy-sports-app] [           main] j.LocalContainerEntityManagerFactoryBean : Initialized JPA EntityManagerFactory for persistence unit 'default'
2024-06-10T22:24:33.939-07:00  WARN 13048 --- [fantasy-sports-app] [           main] JpaBaseConfiguration$JpaWebConfiguration : spring.jpa.open-in-view is enabled by default. Therefore, database queries may be performed during view rendering. Explicitly configure spring.jpa.open-in-view to disable this warning
2024-06-10T22:24:34.355-07:00  WARN 13048 --- [fantasy-sports-app] [           main] ion$DefaultTemplateResolverConfiguration : Cannot find template location: classpath:/templates/ (please add some templates, check your Thymeleaf configuration, or set spring.thymeleaf.check-template-location=false)
2024-06-10T22:24:34.636-07:00  INFO 13048 --- [fantasy-sports-app] [           main] o.s.s.web.DefaultSecurityFilterChain     : Will secure any request with [org.springframework.security.web.session.DisableEncodeUrlFilter@1260c85e, org.springframework.security.web.context.request.async.WebAsyncManagerIntegrationFilter@6b576ff8, org.springframework.security.web.context.SecurityContextHolderFilter@2b561f51, org.springframework.security.web.header.HeaderWriterFilter@36f40d72, org.springframework.web.filter.CorsFilter@25e8a111, org.springframework.security.web.csrf.CsrfFilter@3bc18fec, org.springframework.security.web.authentication.logout.LogoutFilter@1f0f92f5, org.springframework.security.web.authentication.UsernamePasswordAuthenticationFilter@38856d6e, org.springframework.security.web.authentication.ui.DefaultLoginPageGeneratingFilter@49741274, org.springframework.security.web.authentication.ui.DefaultLogoutPageGeneratingFilter@21022cbb, org.springframework.security.web.authentication.www.BasicAuthenticationFilter@6ad26381, org.springframework.security.web.savedrequest.RequestCacheAwareFilter@3afaa39f, org.springframework.security.web.servletapi.SecurityContextHolderAwareRequestFilter@60cc20e1, org.springframework.security.web.authentication.AnonymousAuthenticationFilter@353422fd, org.springframework.security.web.access.ExceptionTranslationFilter@214e3185, org.springframework.security.web.access.intercept.AuthorizationFilter@2a19c36b]
2024-06-10T22:24:34.712-07:00  INFO 13048 --- [fantasy-sports-app] [           main] c.b.f.f.FantasySportsAppApplicationTests : Started FantasySportsAppApplicationTests in 3.017 seconds (process running for 3.712)
]]></system-out>
  </testcase>
</testsuite>